{
"contracts\\AntkPrivate.sol":{"l":{"96":37,"97":37,"98":37,"99":37,"108":38,"113":26,"114":26,"118":24,"127":0,"139":40,"140":40,"149":24,"151":24,"165":51,"169":50,"170":40,"175":5,"183":4,"188":4,"195":6,"207":18,"209":18,"214":14,"216":14,"219":14,"221":14,"223":14,"225":14,"226":10,"239":16,"254":6,"258":4,"262":4,"264":4,"267":4,"269":4,"271":4,"273":4,"274":4,"284":14,"285":14,"286":14,"287":12,"290":0,"291":0,"293":0,"296":14,"297":14,"305":1,"314":1,"319":1,"320":1},"path":"E:\\Projets\\Antk\\Dapp\\truffle\\contracts\\AntkPrivate.sol","s":{"1":37,"2":37,"3":37,"4":37,"5":38,"6":26,"7":26,"8":0,"9":40,"10":40,"11":24,"12":24,"13":51,"14":50,"15":40,"16":35,"17":5,"18":10,"19":4,"20":0,"21":4,"22":6,"23":18,"24":18,"25":14,"26":14,"27":14,"28":14,"29":14,"30":14,"31":10,"32":16,"33":6,"34":4,"35":4,"36":4,"37":4,"38":4,"39":4,"40":4,"41":4,"42":14,"43":14,"44":14,"45":12,"46":2,"47":0,"48":0,"49":0,"50":14,"51":14,"52":1,"53":1,"54":0,"55":1,"56":1,"57":1},"b":{"1":[26,12],"2":[26,0],"3":[24,2],"4":[50,1],"5":[40,10],"6":[35,5],"7":[4,6],"8":[0,4],"9":[14,0],"10":[10,4],"11":[4,2],"12":[4,0],"13":[14,0],"14":[12,2],"15":[0,0],"16":[1,0],"17":[1,0]},"f":{"1":37,"2":38,"3":0,"4":40,"5":24,"6":51,"7":18,"8":16,"9":6,"10":14,"11":1,"12":1},"fnMap":{"1":{"name":"constructor","line":90,"loc":{"start":{"line":90,"column":4},"end":{"line":100,"column":4}}},"2":{"name":"requireToBuy","line":107,"loc":{"start":{"line":107,"column":4},"end":{"line":119,"column":4}}},"3":{"name":"setRoot","line":126,"loc":{"start":{"line":126,"column":4},"end":{"line":128,"column":4}}},"4":{"name":"isWhitelist","line":134,"loc":{"start":{"line":134,"column":4},"end":{"line":141,"column":4}}},"5":{"name":"changeSalesStatus","line":148,"loc":{"start":{"line":148,"column":4},"end":{"line":152,"column":4}}},"6":{"name":"calculNumberOfTokenToBuy","line":160,"loc":{"start":{"line":160,"column":4},"end":{"line":197,"column":4}}},"7":{"name":"buyTokenWithTether","line":206,"loc":{"start":{"line":203,"column":4},"end":{"line":228,"column":4}}},"8":{"name":"getLatestPrice","line":233,"loc":{"start":{"line":233,"column":4},"end":{"line":240,"column":4}}},"9":{"name":"buyTokenWithEth","line":252,"loc":{"start":{"line":246,"column":4},"end":{"line":276,"column":4}}},"10":{"name":"_setBonus","line":283,"loc":{"start":{"line":283,"column":4},"end":{"line":298,"column":4}}},"11":{"name":"secureBuyEth","line":304,"loc":{"start":{"line":304,"column":5},"end":{"line":307,"column":5}}},"12":{"name":"getFunds","line":313,"loc":{"start":{"line":313,"column":4},"end":{"line":321,"column":4}}}},"statementMap":{"1":{"start":{"line":96,"column":8},"end":{"line":96,"column":19}},"2":{"start":{"line":97,"column":8},"end":{"line":97,"column":27}},"3":{"start":{"line":98,"column":8},"end":{"line":98,"column":31}},"4":{"start":{"line":99,"column":8},"end":{"line":99,"column":19}},"5":{"start":{"line":108,"column":8},"end":{"line":108,"column":3238}},"6":{"start":{"line":113,"column":8},"end":{"line":113,"column":77}},"7":{"start":{"line":114,"column":8},"end":{"line":114,"column":3534}},"8":{"start":{"line":127,"column":8},"end":{"line":127,"column":19}},"9":{"start":{"line":139,"column":8},"end":{"line":139,"column":62}},"10":{"start":{"line":140,"column":8},"end":{"line":140,"column":59}},"11":{"start":{"line":149,"column":8},"end":{"line":149,"column":43}},"12":{"start":{"line":151,"column":8},"end":{"line":151,"column":46}},"13":{"start":{"line":165,"column":8},"end":{"line":165,"column":5146}},"14":{"start":{"line":169,"column":8},"end":{"line":169,"column":5276}},"15":{"start":{"line":170,"column":12},"end":{"line":170,"column":5332}},"16":{"start":{"line":173,"column":14},"end":{"line":173,"column":49}},"17":{"start":{"line":175,"column":16},"end":{"line":175,"column":5539}},"18":{"start":{"line":182,"column":15},"end":{"line":182,"column":5793}},"19":{"start":{"line":183,"column":12},"end":{"line":183,"column":5849}},"20":{"start":{"line":186,"column":14},"end":{"line":186,"column":49}},"21":{"start":{"line":188,"column":16},"end":{"line":188,"column":6055}},"22":{"start":{"line":195,"column":12},"end":{"line":195,"column":40}},"23":{"start":{"line":207,"column":8},"end":{"line":207,"column":77}},"24":{"start":{"line":209,"column":8},"end":{"line":209,"column":6719}},"25":{"start":{"line":214,"column":8},"end":{"line":214,"column":45}},"26":{"start":{"line":216,"column":8},"end":{"line":216,"column":6920}},"27":{"start":{"line":219,"column":8},"end":{"line":219,"column":67}},"28":{"start":{"line":221,"column":8},"end":{"line":221,"column":70}},"29":{"start":{"line":223,"column":8},"end":{"line":223,"column":48}},"30":{"start":{"line":225,"column":8},"end":{"line":225,"column":7233}},"31":{"start":{"line":226,"column":12},"end":{"line":226,"column":74}},"32":{"start":{"line":239,"column":8},"end":{"line":239,"column":36}},"33":{"start":{"line":254,"column":8},"end":{"line":254,"column":8100}},"34":{"start":{"line":258,"column":8},"end":{"line":258,"column":8224}},"35":{"start":{"line":262,"column":8},"end":{"line":262,"column":78}},"36":{"start":{"line":264,"column":8},"end":{"line":264,"column":8417}},"37":{"start":{"line":267,"column":8},"end":{"line":267,"column":77}},"38":{"start":{"line":269,"column":8},"end":{"line":269,"column":71}},"39":{"start":{"line":271,"column":8},"end":{"line":271,"column":48}},"40":{"start":{"line":273,"column":8},"end":{"line":273,"column":8741}},"41":{"start":{"line":274,"column":12},"end":{"line":274,"column":75}},"42":{"start":{"line":284,"column":8},"end":{"line":284,"column":21}},"43":{"start":{"line":285,"column":8},"end":{"line":285,"column":9179}},"44":{"start":{"line":286,"column":12},"end":{"line":286,"column":9268}},"45":{"start":{"line":287,"column":16},"end":{"line":287,"column":40}},"46":{"start":{"line":288,"column":19},"end":{"line":288,"column":53}},"47":{"start":{"line":290,"column":12},"end":{"line":290,"column":9405}},"48":{"start":{"line":291,"column":16},"end":{"line":291,"column":49}},"49":{"start":{"line":293,"column":16},"end":{"line":293,"column":50}},"50":{"start":{"line":296,"column":8},"end":{"line":296,"column":49}},"51":{"start":{"line":297,"column":8},"end":{"line":297,"column":34}},"52":{"start":{"line":305,"column":8},"end":{"line":305,"column":9939}},"53":{"start":{"line":305,"column":25},"end":{"line":305,"column":40}},"54":{"start":{"line":306,"column":13},"end":{"line":306,"column":31}},"55":{"start":{"line":314,"column":8},"end":{"line":314,"column":10194}},"56":{"start":{"line":319,"column":8},"end":{"line":319,"column":73}},"57":{"start":{"line":320,"column":8},"end":{"line":320,"column":44}}},"branchMap":{"1":{"line":108,"type":"if","locations":[{"start":{"line":108,"column":8},"end":{"line":108,"column":8}},{"start":{"line":108,"column":8},"end":{"line":108,"column":8}}]},"2":{"line":113,"type":"if","locations":[{"start":{"line":113,"column":8},"end":{"line":113,"column":8}},{"start":{"line":113,"column":8},"end":{"line":113,"column":8}}]},"3":{"line":114,"type":"if","locations":[{"start":{"line":114,"column":8},"end":{"line":114,"column":8}},{"start":{"line":114,"column":8},"end":{"line":114,"column":8}}]},"4":{"line":165,"type":"if","locations":[{"start":{"line":165,"column":8},"end":{"line":165,"column":8}},{"start":{"line":165,"column":8},"end":{"line":165,"column":8}}]},"5":{"line":169,"type":"if","locations":[{"start":{"line":169,"column":8},"end":{"line":169,"column":8}},{"start":{"line":169,"column":8},"end":{"line":169,"column":8}}]},"6":{"line":170,"type":"if","locations":[{"start":{"line":170,"column":12},"end":{"line":170,"column":12}},{"start":{"line":170,"column":12},"end":{"line":170,"column":12}}]},"7":{"line":182,"type":"if","locations":[{"start":{"line":182,"column":15},"end":{"line":182,"column":15}},{"start":{"line":182,"column":15},"end":{"line":182,"column":15}}]},"8":{"line":183,"type":"if","locations":[{"start":{"line":183,"column":12},"end":{"line":183,"column":12}},{"start":{"line":183,"column":12},"end":{"line":183,"column":12}}]},"9":{"line":214,"type":"if","locations":[{"start":{"line":214,"column":8},"end":{"line":214,"column":8}},{"start":{"line":214,"column":8},"end":{"line":214,"column":8}}]},"10":{"line":225,"type":"if","locations":[{"start":{"line":225,"column":8},"end":{"line":225,"column":8}},{"start":{"line":225,"column":8},"end":{"line":225,"column":8}}]},"11":{"line":254,"type":"if","locations":[{"start":{"line":254,"column":8},"end":{"line":254,"column":8}},{"start":{"line":254,"column":8},"end":{"line":254,"column":8}}]},"12":{"line":273,"type":"if","locations":[{"start":{"line":273,"column":8},"end":{"line":273,"column":8}},{"start":{"line":273,"column":8},"end":{"line":273,"column":8}}]},"13":{"line":285,"type":"if","locations":[{"start":{"line":285,"column":8},"end":{"line":285,"column":8}},{"start":{"line":285,"column":8},"end":{"line":285,"column":8}}]},"14":{"line":286,"type":"if","locations":[{"start":{"line":286,"column":12},"end":{"line":286,"column":12}},{"start":{"line":286,"column":12},"end":{"line":286,"column":12}}]},"15":{"line":290,"type":"if","locations":[{"start":{"line":290,"column":12},"end":{"line":290,"column":12}},{"start":{"line":290,"column":12},"end":{"line":290,"column":12}}]},"16":{"line":305,"type":"if","locations":[{"start":{"line":305,"column":8},"end":{"line":305,"column":8}},{"start":{"line":305,"column":8},"end":{"line":305,"column":8}}]},"17":{"line":320,"type":"if","locations":[{"start":{"line":320,"column":8},"end":{"line":320,"column":8}},{"start":{"line":320,"column":8},"end":{"line":320,"column":8}}]}}},
"contracts\\USDT.sol":{"l":{"9":34,"13":0,"17":0},"path":"E:\\Projets\\Antk\\Dapp\\truffle\\contracts\\USDT.sol","s":{"1":34,"2":0,"3":0},"b":{},"f":{"1":34,"2":0,"3":0},"fnMap":{"1":{"name":"constructor","line":8,"loc":{"start":{"line":8,"column":4},"end":{"line":11,"column":4}}},"2":{"name":"decimals","line":12,"loc":{"start":{"line":12,"column":4},"end":{"line":14,"column":4}}},"3":{"name":"getAddr","line":16,"loc":{"start":{"line":16,"column":4},"end":{"line":18,"column":4}}}},"statementMap":{"1":{"start":{"line":9,"column":8},"end":{"line":9,"column":48}},"2":{"start":{"line":13,"column":8},"end":{"line":13,"column":16}},"3":{"start":{"line":17,"column":8},"end":{"line":17,"column":28}}},"branchMap":{}}}
