TN:
SF:E:\Projets\Antk\Dapp\truffle\contracts\AntkPrivate.sol
FN:90,constructor
FN:107,requireToBuy
FN:126,setRoot
FN:134,isWhitelist
FN:148,changeSalesStatus
FN:160,calculNumberOfTokenToBuy
FN:206,buyTokenWithTether
FN:233,getLatestPrice
FN:252,buyTokenWithEth
FN:283,_setBonus
FN:304,secureBuyEth
FN:313,getFunds
FNF:12
FNH:11
FNDA:37,constructor
FNDA:38,requireToBuy
FNDA:0,setRoot
FNDA:40,isWhitelist
FNDA:24,changeSalesStatus
FNDA:51,calculNumberOfTokenToBuy
FNDA:18,buyTokenWithTether
FNDA:16,getLatestPrice
FNDA:6,buyTokenWithEth
FNDA:14,_setBonus
FNDA:1,secureBuyEth
FNDA:1,getFunds
DA:96,37
DA:97,37
DA:98,37
DA:99,37
DA:108,38
DA:113,26
DA:114,26
DA:118,24
DA:127,0
DA:139,40
DA:140,40
DA:149,24
DA:151,24
DA:165,51
DA:169,50
DA:170,40
DA:175,5
DA:183,4
DA:188,4
DA:195,6
DA:207,18
DA:209,18
DA:214,14
DA:216,14
DA:219,14
DA:221,14
DA:223,14
DA:225,14
DA:226,10
DA:239,16
DA:254,6
DA:258,4
DA:262,4
DA:264,4
DA:267,4
DA:269,4
DA:271,4
DA:273,4
DA:274,4
DA:284,14
DA:285,14
DA:286,14
DA:287,12
DA:290,0
DA:291,0
DA:293,0
DA:296,14
DA:297,14
DA:305,1
DA:314,1
DA:319,1
DA:320,1
LF:52
LH:48
BRDA:108,1,0,26
BRDA:108,1,1,12
BRDA:113,2,0,26
BRDA:113,2,1,0
BRDA:114,3,0,24
BRDA:114,3,1,2
BRDA:165,4,0,50
BRDA:165,4,1,1
BRDA:169,5,0,40
BRDA:169,5,1,10
BRDA:170,6,0,35
BRDA:170,6,1,5
BRDA:182,7,0,4
BRDA:182,7,1,6
BRDA:183,8,0,0
BRDA:183,8,1,4
BRDA:214,9,0,14
BRDA:214,9,1,0
BRDA:225,10,0,10
BRDA:225,10,1,4
BRDA:254,11,0,4
BRDA:254,11,1,2
BRDA:273,12,0,4
BRDA:273,12,1,0
BRDA:285,13,0,14
BRDA:285,13,1,0
BRDA:286,14,0,12
BRDA:286,14,1,2
BRDA:290,15,0,0
BRDA:290,15,1,0
BRDA:305,16,0,1
BRDA:305,16,1,0
BRDA:320,17,0,1
BRDA:320,17,1,0
BRF:34
BRH:25
end_of_record
TN:
SF:E:\Projets\Antk\Dapp\truffle\contracts\USDT.sol
FN:8,constructor
FN:12,decimals
FN:16,getAddr
FNF:3
FNH:1
FNDA:34,constructor
FNDA:0,decimals
FNDA:0,getAddr
DA:9,34
DA:13,0
DA:17,0
LF:3
LH:1
BRF:0
BRH:0
end_of_record
