TN:
SF:E:\Projets\Antk\Dapp\truffle\contracts\AntkPrivate.sol
FN:90,constructor
FN:107,requireToBuy
FN:126,setRoot
FN:134,isWhitelist
FN:148,changeSalesStatus
FN:160,calculNumberOfTokenToBuy
FN:206,buyTokenWithTether
FN:233,getLatestPrice
FN:252,buyTokenWithEth
FN:283,_setBonus
FN:304,secureBuyEth
FN:313,getFunds
FN:326,seeFunds
FNF:13
FNH:7
FNDA:23,constructor
FNDA:17,requireToBuy
FNDA:0,setRoot
FNDA:19,isWhitelist
FNDA:11,changeSalesStatus
FNDA:27,calculNumberOfTokenToBuy
FNDA:11,buyTokenWithTether
FNDA:0,getLatestPrice
FNDA:0,buyTokenWithEth
FNDA:4,_setBonus
FNDA:0,secureBuyEth
FNDA:0,getFunds
FNDA:0,seeFunds
DA:96,23
DA:97,23
DA:98,23
DA:99,23
DA:108,17
DA:113,13
DA:114,13
DA:118,11
DA:127,0
DA:139,19
DA:140,19
DA:149,11
DA:151,11
DA:165,27
DA:169,26
DA:170,18
DA:175,3
DA:183,2
DA:188,2
DA:195,6
DA:207,11
DA:209,11
DA:214,7
DA:216,7
DA:219,7
DA:221,7
DA:223,7
DA:225,7
DA:226,4
DA:239,0
DA:254,0
DA:258,0
DA:262,0
DA:264,0
DA:267,0
DA:269,0
DA:271,0
DA:273,0
DA:274,0
DA:284,4
DA:285,4
DA:286,4
DA:287,3
DA:290,0
DA:291,0
DA:293,0
DA:296,4
DA:297,4
DA:305,0
DA:314,0
DA:319,0
DA:320,0
DA:327,0
LF:53
LH:34
BRDA:108,1,0,13
BRDA:108,1,1,4
BRDA:113,2,0,13
BRDA:113,2,1,0
BRDA:114,3,0,11
BRDA:114,3,1,2
BRDA:165,4,0,26
BRDA:165,4,1,1
BRDA:169,5,0,18
BRDA:169,5,1,8
BRDA:170,6,0,15
BRDA:170,6,1,3
BRDA:182,7,0,2
BRDA:182,7,1,6
BRDA:183,8,0,0
BRDA:183,8,1,2
BRDA:214,9,0,7
BRDA:214,9,1,0
BRDA:225,10,0,4
BRDA:225,10,1,3
BRDA:254,11,0,0
BRDA:254,11,1,0
BRDA:273,12,0,0
BRDA:273,12,1,0
BRDA:285,13,0,4
BRDA:285,13,1,0
BRDA:286,14,0,3
BRDA:286,14,1,1
BRDA:290,15,0,0
BRDA:290,15,1,0
BRDA:305,16,0,0
BRDA:305,16,1,0
BRDA:320,17,0,0
BRDA:320,17,1,0
BRF:34
BRH:20
end_of_record
TN:
SF:E:\Projets\Antk\Dapp\truffle\contracts\USDT.sol
FN:8,constructor
FN:12,decimals
FN:16,getAddr
FNF:3
FNH:1
FNDA:20,constructor
FNDA:0,decimals
FNDA:0,getAddr
DA:9,20
DA:13,0
DA:17,0
LF:3
LH:1
BRF:0
BRH:0
end_of_record
